<?xml version="1.0" encoding="UTF-8"?>
<!-- Generated by org.testng.reporters.JUnitXMLReporter -->
<testsuite ignored="2" hostname="adnan" failures="0" tests="7" name="Default test" time="14.777" errors="0" timestamp="2025-04-20T00:11:42 TRT">
  <testcase classname="firstProject.myTest" name="loginTest" time="3.283"/>
  <testcase classname="firstProject.myTest" name="addAllItems" time="6.86"/>
  <testcase classname="firstProject.myTest" name="removeAllItems" time="2.777"/>
  <testcase classname="firstProject.myTest" name="printFirstLetter" time="0.197"/>
  <testcase classname="firstProject.myTest" name="isLastLetterIsT" time="0.202"/>
  <testcase classname="firstProject.myTest" name="reArrangeSalary" time="0.64"/>
  <testcase classname="firstProject.myTest" name="printOfNameItemsNotIncludeDigits" time="0.242"/>
  <testcase classname="firstProject.myTest" name="logOutButton" time="0.0">
    <ignored/>
  </testcase> <!-- logOutButton -->
  <testcase classname="firstProject.myTest" name="removeItemFromCart" time="0.0">
    <ignored/>
  </testcase> <!-- removeItemFromCart -->
</testsuite> <!-- Default test -->
