<?xml version="1.0" encoding="UTF-8"?>
<testng-results ignored="2" total="9" passed="7" failed="0" skipped="0">
  <reporter-output>
  </reporter-output>
  <suite started-at="2025-04-20T00:11:27 TRT" name="Default suite" finished-at="2025-04-20T00:11:42 TRT" duration-ms="14777">
    <groups>
    </groups>
    <test started-at="2025-04-20T00:11:27 TRT" name="Default test" finished-at="2025-04-20T00:11:42 TRT" duration-ms="14777">
      <class name="firstProject.myTest">
        <test-method is-config="true" signature="beforeTest()[pri:0, instance:firstProject.myTest@246f8b8b]" started-at="2025-04-20T00:11:27 TRT" name="beforeTest" finished-at="2025-04-20T00:11:28 TRT" duration-ms="450" status="PASS">
          <reporter-output>
          </reporter-output>
        </test-method> <!-- beforeTest -->
        <test-method signature="loginTest()[pri:1, instance:firstProject.myTest@246f8b8b]" started-at="2025-04-20T00:11:28 TRT" name="loginTest" finished-at="2025-04-20T00:11:31 TRT" duration-ms="3283" status="PASS">
          <reporter-output>
          </reporter-output>
        </test-method> <!-- loginTest -->
        <test-method signature="addAllItems()[pri:2, instance:firstProject.myTest@246f8b8b]" started-at="2025-04-20T00:11:31 TRT" name="addAllItems" finished-at="2025-04-20T00:11:38 TRT" duration-ms="6860" status="PASS">
          <reporter-output>
          </reporter-output>
        </test-method> <!-- addAllItems -->
        <test-method signature="removeAllItems()[pri:3, instance:firstProject.myTest@246f8b8b]" started-at="2025-04-20T00:11:38 TRT" name="removeAllItems" finished-at="2025-04-20T00:11:41 TRT" duration-ms="2777" status="PASS">
          <reporter-output>
          </reporter-output>
        </test-method> <!-- removeAllItems -->
        <test-method signature="printFirstLetter()[pri:4, instance:firstProject.myTest@246f8b8b]" started-at="2025-04-20T00:11:41 TRT" name="printFirstLetter" finished-at="2025-04-20T00:11:41 TRT" duration-ms="197" status="PASS">
          <reporter-output>
          </reporter-output>
        </test-method> <!-- printFirstLetter -->
        <test-method signature="isLastLetterIsT()[pri:5, instance:firstProject.myTest@246f8b8b]" started-at="2025-04-20T00:11:41 TRT" name="isLastLetterIsT" finished-at="2025-04-20T00:11:41 TRT" duration-ms="202" status="PASS">
          <reporter-output>
          </reporter-output>
        </test-method> <!-- isLastLetterIsT -->
        <test-method signature="reArrangeSalary()[pri:6, instance:firstProject.myTest@246f8b8b]" started-at="2025-04-20T00:11:41 TRT" name="reArrangeSalary" finished-at="2025-04-20T00:11:42 TRT" duration-ms="640" status="PASS">
          <reporter-output>
          </reporter-output>
        </test-method> <!-- reArrangeSalary -->
        <test-method signature="printOfNameItemsNotIncludeDigits()[pri:7, instance:firstProject.myTest@246f8b8b]" started-at="2025-04-20T00:11:42 TRT" name="printOfNameItemsNotIncludeDigits" finished-at="2025-04-20T00:11:42 TRT" duration-ms="242" status="PASS">
          <reporter-output>
          </reporter-output>
        </test-method> <!-- printOfNameItemsNotIncludeDigits -->
        <test-method is-config="true" signature="AfterTest()[pri:0, instance:firstProject.myTest@246f8b8b]" started-at="2025-04-20T00:11:42 TRT" name="AfterTest" finished-at="2025-04-20T00:11:42 TRT" duration-ms="1" status="PASS">
          <reporter-output>
          </reporter-output>
        </test-method> <!-- AfterTest -->
      </class> <!-- firstProject.myTest -->
    </test> <!-- Default test -->
  </suite> <!-- Default suite -->
</testng-results>
